<?xml version="1.0" encoding="UTF-8"?>
<!-- Generated by org.testng.reporters.JUnitReportReporter -->
<testsuite hostname="LAPTOP-HQLC1JBV" failures="0" tests="1" name="file.SumValidation" time="0.874" errors="0" timestamp="2025-09-16T12:45:18 IST" skipped="0">
  <testcase classname="file.SumValidation" name="sumOfCourses" time="0.874"/>
  <system-out/>
</testsuite> <!-- file.SumValidation -->
