<?xml version="1.0" encoding="UTF-8"?>
<!-- Generated by org.testng.reporters.JUnitReportReporter -->
<testsuite hostname="LAPTOP-HQLC1JBV" failures="0" tests="1" name="SecondAPITest" time="2.548" errors="0" timestamp="2025-09-14T03:36:50 IST" skipped="0">
  <testcase classname="SecondAPITest" name="basicTest" time="2.548"/>
  <system-out/>
</testsuite> <!-- SecondAPITest -->
